[10252:14876:1004/082451:VERBOSE1:crash_service_main.cc(68)] Session start. cmdline is [--reporter-url=https://crashreporter.atom.io --application-name=Atom --v=1]
[10252:14876:1004/082451:VERBOSE1:crash_service.cc(142)] window handle is 001409D6
[10252:14876:1004/082451:VERBOSE1:crash_service.cc(290)] pipe name is \\.\pipe\Atom Crash Service
dumps at C:\Users\Carlos\AppData\Local\Temp\Atom Crashes
[10252:14876:1004/082451:VERBOSE1:crash_service.cc(294)] checkpoint is C:\Users\Carlos\AppData\Local\Temp\Atom Crashes\crash_checkpoint.txt
server is https://crashreporter.atom.io
maximum 128 reports/day
reporter is electron-crash-service
[10252:14876:1004/082451:VERBOSE1:crash_service_main.cc(84)] Ready to process crash requests
[10252:8164:1004/082451:VERBOSE1:crash_service.cc(323)] client start. pid = 10396
[10252:8164:1004/082500:VERBOSE1:crash_service.cc(323)] client start. pid = 10416
[13756:3588:1004/082500:VERBOSE1:crash_service_main.cc(68)] Session start. cmdline is [--reporter-url=https://crashreporter.atom.io --application-name=Atom --v=1]
[13756:3588:1004/082500:VERBOSE1:crash_service.cc(142)] window handle is 0005082A
[13756:3588:1004/082500:VERBOSE1:crash_service.cc(290)] pipe name is \\.\pipe\Atom Crash Service
dumps at C:\Users\Carlos\AppData\Local\Temp\Atom Crashes
[13756:3588:1004/082500:VERBOSE1:crash_service.cc(294)] checkpoint is C:\Users\Carlos\AppData\Local\Temp\Atom Crashes\crash_checkpoint.txt
server is https://crashreporter.atom.io
maximum 128 reports/day
reporter is electron-crash-service
[13756:3588:1004/082500:ERROR:crash_service.cc(301)] could not start dumper
